<?xml version="1.0" encoding="UTF-8"?>
<coverage generated="1616885326098" clover="3.2.0">
  <project timestamp="1616885326098" name="All files">
    <metrics statements="13" coveredstatements="13" conditionals="4" coveredconditionals="4" methods="7" coveredmethods="7" elements="24" coveredelements="24" complexity="0" loc="13" ncloc="13" packages="2" files="2" classes="2"/>
    <package name="checkboxWithLabel">
      <metrics statements="5" coveredstatements="5" conditionals="2" coveredconditionals="2" methods="3" coveredmethods="3"/>
      <file name="checkboxWithLabel.tsx" path="/Users/tobiastykvart/Git/checkit/src/components/checkboxWithLabel/checkboxWithLabel.tsx">
        <metrics statements="5" coveredstatements="5" conditionals="2" coveredconditionals="2" methods="3" coveredmethods="3"/>
        <line num="24" count="1" type="stmt"/>
        <line num="25" count="1" type="stmt"/>
        <line num="27" count="1" type="stmt"/>
        <line num="34" count="1" type="stmt"/>
        <line num="42" count="2" type="stmt"/>
      </file>
    </package>
    <package name="link">
      <metrics statements="8" coveredstatements="8" conditionals="2" coveredconditionals="2" methods="4" coveredmethods="4"/>
      <file name="link.tsx" path="/Users/tobiastykvart/Git/checkit/src/components/link/link.tsx">
        <metrics statements="8" coveredstatements="8" conditionals="2" coveredconditionals="2" methods="4" coveredmethods="4"/>
        <line num="3" count="1" type="stmt"/>
        <line num="25" count="2" type="stmt"/>
        <line num="27" count="2" type="stmt"/>
        <line num="28" count="2" type="stmt"/>
        <line num="30" count="2" type="stmt"/>
        <line num="39" count="2" type="stmt"/>
        <line num="46" count="2" type="stmt"/>
        <line num="54" count="6" type="stmt"/>
      </file>
    </package>
  </project>
</coverage>
