{"/Users/tobiastykvart/Git/checkit/src/components/checkboxWithLabel/checkboxWithLabel.tsx": {"path":"/Users/tobiastykvart/Git/checkit/src/components/checkboxWithLabel/checkboxWithLabel.tsx","statementMap":{"0":{"start":{"line":24,"column":4},"end":{"line":24,"column":17}},"1":{"start":{"line":25,"column":4},"end":{"line":25,"column":38}},"2":{"start":{"line":27,"column":4},"end":{"line":27,"column":45}},"3":{"start":{"line":34,"column":4},"end":{"line":34,"column":56}},"4":{"start":{"line":42,"column":4},"end":{"line":51,"column":6}}},"fnMap":{"0":{"name":"(anonymous_0)","decl":{"start":{"line":23,"column":2},"end":{"line":23,"column":3}},"loc":{"start":{"line":23,"column":30},"end":{"line":28,"column":3}},"line":23},"1":{"name":"(anonymous_1)","decl":{"start":{"line":33,"column":2},"end":{"line":33,"column":3}},"loc":{"start":{"line":33,"column":19},"end":{"line":35,"column":3}},"line":33},"2":{"name":"(anonymous_2)","decl":{"start":{"line":41,"column":2},"end":{"line":41,"column":3}},"loc":{"start":{"line":41,"column":24},"end":{"line":52,"column":3}},"line":41}},"branchMap":{"0":{"loc":{"start":{"line":49,"column":9},"end":{"line":49,"column":72}},"type":"cond-expr","locations":[{"start":{"line":49,"column":32},"end":{"line":49,"column":50}},{"start":{"line":49,"column":53},"end":{"line":49,"column":72}}],"line":49}},"s":{"0":1,"1":1,"2":1,"3":1,"4":2},"f":{"0":1,"1":1,"2":2},"b":{"0":[1,1]},"_coverageSchema":"1a1c01bbd47fc00a2c39e90264f33305004495a9","hash":"8cb974135b13dc2da7a6aa5c1ec3e499cb90bb71"}
,"/Users/tobiastykvart/Git/checkit/src/components/link/link.tsx": {"path":"/Users/tobiastykvart/Git/checkit/src/components/link/link.tsx","statementMap":{"0":{"start":{"line":3,"column":15},"end":{"line":6,"column":1}},"1":{"start":{"line":25,"column":4},"end":{"line":25,"column":17}},"2":{"start":{"line":27,"column":4},"end":{"line":27,"column":55}},"3":{"start":{"line":28,"column":4},"end":{"line":28,"column":55}},"4":{"start":{"line":30,"column":4},"end":{"line":32,"column":6}},"5":{"start":{"line":39,"column":4},"end":{"line":39,"column":45}},"6":{"start":{"line":46,"column":4},"end":{"line":46,"column":44}},"7":{"start":{"line":54,"column":4},"end":{"line":63,"column":6}}},"fnMap":{"0":{"name":"(anonymous_0)","decl":{"start":{"line":24,"column":2},"end":{"line":24,"column":3}},"loc":{"start":{"line":24,"column":30},"end":{"line":33,"column":3}},"line":24},"1":{"name":"(anonymous_1)","decl":{"start":{"line":38,"column":2},"end":{"line":38,"column":3}},"loc":{"start":{"line":38,"column":24},"end":{"line":40,"column":3}},"line":38},"2":{"name":"(anonymous_2)","decl":{"start":{"line":45,"column":2},"end":{"line":45,"column":3}},"loc":{"start":{"line":45,"column":24},"end":{"line":47,"column":3}},"line":45},"3":{"name":"(anonymous_3)","decl":{"start":{"line":53,"column":2},"end":{"line":53,"column":3}},"loc":{"start":{"line":53,"column":24},"end":{"line":64,"column":3}},"line":53}},"branchMap":{"0":{"loc":{"start":{"line":57,"column":14},"end":{"line":57,"column":36}},"type":"binary-expr","locations":[{"start":{"line":57,"column":14},"end":{"line":57,"column":29}},{"start":{"line":57,"column":33},"end":{"line":57,"column":36}}],"line":57}},"s":{"0":1,"1":2,"2":2,"3":2,"4":2,"5":2,"6":2,"7":6},"f":{"0":2,"1":2,"2":2,"3":6},"b":{"0":[6,3]},"_coverageSchema":"1a1c01bbd47fc00a2c39e90264f33305004495a9","hash":"f5d362646ec47cece964ce58651bf3320f86a121"}
}
