{"/Users/tobiastykvart/Git/template-react/src/components/helloWorld/HelloWorld.tsx": {"path":"/Users/tobiastykvart/Git/template-react/src/components/helloWorld/HelloWorld.tsx","statementMap":{"0":{"start":{"line":6,"column":29},"end":{"line":42,"column":1}},"1":{"start":{"line":7,"column":16},"end":{"line":7,"column":32}},"2":{"start":{"line":13,"column":4},"end":{"line":13,"column":40}},"3":{"start":{"line":16,"column":2},"end":{"line":41,"column":4}}},"fnMap":{"0":{"name":"(anonymous_0)","decl":{"start":{"line":6,"column":29},"end":{"line":6,"column":30}},"loc":{"start":{"line":6,"column":35},"end":{"line":42,"column":1}},"line":6},"1":{"name":"changeLanguage","decl":{"start":{"line":12,"column":11},"end":{"line":12,"column":25}},"loc":{"start":{"line":12,"column":29},"end":{"line":14,"column":3}},"line":12}},"branchMap":{},"s":{"0":1,"1":4,"2":2,"3":4},"f":{"0":4,"1":2},"b":{},"_coverageSchema":"1a1c01bbd47fc00a2c39e90264f33305004495a9","hash":"80447851cf8bd01f84407b883e501da24d4e8015"}
,"/Users/tobiastykvart/Git/template-react/src/translations/i18n.js": {"path":"/Users/tobiastykvart/Git/template-react/src/translations/i18n.js","statementMap":{"0":{"start":{"line":8,"column":0},"end":{"line":25,"column":5}},"1":{"start":{"line":27,"column":0},"end":{"line":27,"column":26}}},"fnMap":{},"branchMap":{},"s":{"0":1,"1":1},"f":{},"b":{},"_coverageSchema":"1a1c01bbd47fc00a2c39e90264f33305004495a9","hash":"73515f33e1eab8f5335956493816a76fae00c182"}
,"/Users/tobiastykvart/Git/template-react/src/translations/en/translations.js": {"path":"/Users/tobiastykvart/Git/template-react/src/translations/en/translations.js","statementMap":{"0":{"start":{"line":1,"column":31},"end":{"line":7,"column":1}}},"fnMap":{},"branchMap":{},"s":{"0":1},"f":{},"b":{},"_coverageSchema":"1a1c01bbd47fc00a2c39e90264f33305004495a9","hash":"e08d4b0ad2ba8a47f209fead775adc22bc3f7534"}
,"/Users/tobiastykvart/Git/template-react/src/translations/no/translations.js": {"path":"/Users/tobiastykvart/Git/template-react/src/translations/no/translations.js","statementMap":{"0":{"start":{"line":1,"column":31},"end":{"line":3,"column":1}}},"fnMap":{},"branchMap":{},"s":{"0":1},"f":{},"b":{},"_coverageSchema":"1a1c01bbd47fc00a2c39e90264f33305004495a9","hash":"90fe71b67a0041e71316739e75c5ab3382bedda1"}
}
