TN:
SF:src/components/helloWorld/HelloWorld.tsx
FN:6,(anonymous_0)
FN:9,changeLanguage
FNF:2
FNH:1
FNDA:1,(anonymous_0)
FNDA:0,changeLanguage
DA:6,1
DA:7,1
DA:10,0
DA:11,0
DA:14,1
LF:5
LH:3
BRF:0
BRH:0
end_of_record
TN:
SF:src/translations/i18n.js
FNF:0
FNH:0
DA:8,1
DA:22,1
LF:2
LH:2
BRF:0
BRH:0
end_of_record
TN:
SF:src/translations/en/translations.js
FNF:0
FNH:0
DA:1,1
LF:1
LH:1
BRF:0
BRH:0
end_of_record
TN:
SF:src/translations/no/translations.js
FNF:0
FNH:0
DA:1,1
LF:1
LH:1
BRF:0
BRH:0
end_of_record
