TN:
SF:src/components/checkboxWithLabel/checkboxWithLabel.tsx
FN:23,(anonymous_0)
FN:33,(anonymous_1)
FN:41,(anonymous_2)
FNF:3
FNH:3
FNDA:1,(anonymous_0)
FNDA:1,(anonymous_1)
FNDA:2,(anonymous_2)
DA:24,1
DA:25,1
DA:27,1
DA:34,1
DA:42,2
LF:5
LH:5
BRDA:49,0,0,1
BRDA:49,0,1,1
BRF:2
BRH:2
end_of_record
TN:
SF:src/components/link/link.tsx
FN:24,(anonymous_0)
FN:38,(anonymous_1)
FN:45,(anonymous_2)
FN:53,(anonymous_3)
FNF:4
FNH:4
FNDA:2,(anonymous_0)
FNDA:2,(anonymous_1)
FNDA:2,(anonymous_2)
FNDA:6,(anonymous_3)
DA:3,1
DA:25,2
DA:27,2
DA:28,2
DA:30,2
DA:39,2
DA:46,2
DA:54,6
LF:8
LH:8
BRDA:57,0,0,6
BRDA:57,0,1,3
BRF:2
BRH:2
end_of_record
